[debug] [2026-07-14T16:40:59.047Z] ----------------------------------------------------------------------
[debug] [2026-07-14T16:40:59.049Z] Command:       C:\Program Files\nodejs\node.exe C:\Users\User\AppData\Roaming\npm\node_modules\firebase-tools\lib\bin\firebase.js init
[debug] [2026-07-14T16:40:59.049Z] CLI Version:   15.23.0
[debug] [2026-07-14T16:40:59.049Z] Platform:      win32
[debug] [2026-07-14T16:40:59.050Z] Node Version:  v24.15.0
[debug] [2026-07-14T16:40:59.050Z] Detected Agent: unknown
[debug] [2026-07-14T16:40:59.050Z] Time:          Tue Jul 14 2026 11:40:59 GMT-0500 (hora estándar de Colombia)
[debug] [2026-07-14T16:40:59.050Z] ----------------------------------------------------------------------
[debug] 
[info] 
     ######## #### ########  ######## ########     ###     ######  ########
     ##        ##  ##     ## ##       ##     ##  ##   ##  ##       ##
     ######    ##  ########  ######   ########  #########  ######  ######
     ##        ##  ##    ##  ##       ##     ## ##     ##       ## ##
     ##       #### ##     ## ######## ########  ##     ##  ######  ########

You're about to initialize a Firebase project in this directory:

  C:\Users\User\Documents\Dev\e-commerce

[debug] [2026-07-14T16:41:23.167Z] ExitPromptError: User force closed the prompt with SIGINT
    at Interface.sigint (C:\Users\User\AppData\Roaming\npm\node_modules\firebase-tools\node_modules\@inquirer\core\dist\commonjs\lib\create-prompt.js:101:37)
    at Interface.emit (node:events:509:28)
    at [_ttyWrite] [as _ttyWrite] (node:internal/readline/interface:1327:18)
    at ReadStream.onkeypress (node:internal/readline/interface:284:20)
    at ReadStream.emit (node:events:521:24)
    at emitKeys (node:internal/readline/utils:371:14)
    at emitKeys.next (<anonymous>)
    at ReadStream.onData (node:internal/readline/emitKeypressEvents:64:36)
    at ReadStream.emit (node:events:509:28)
    at addChunk (node:internal/streams/readable:563:12)
[error] 
[error] Error: An unexpected error has occurred.
